********************************************************************************
*                     Wednesday, June 14, 2017 1:52:54 PM                      *
********************************************************************************
CSharpCompilerWrapper.exe version: 2.0.3.30
Platform: Windows
Target assembly: Assembly-CSharp.dll
Project directory: D:\Google Drive\Games\S92 Master of Ceremonies\Highscore2\UnityProject\platforming-test
Target profile directory: C:\Program Files\Unity\Editor\Data\Mono\lib\mono\unity
Unity 'Data' or 'Frameworks' directory: C:/Program Files/Unity/Editor/Data
Compiler: Microsoft C# 7.0

- Compilation -----------------------------------------------

Process: D:\Google Drive\Games\S92 Master of Ceremonies\Highscore2\UnityProject\platforming-test\CSharp70Support\Roslyn\csc.exe
Arguments: -nostdlib+ -noconfig -nologo -r:"C:\Program Files\Unity\Editor\Data\Mono\lib\mono\unity\mscorlib.dll" -r:"C:\Program Files\Unity\Editor\Data\Mono\lib\mono\unity\System.dll" -r:"C:\Program Files\Unity\Editor\Data\Mono\lib\mono\unity\System.Core.dll" -r:"C:\Program Files\Unity\Editor\Data\Mono\lib\mono\unity\System.Xml.dll" @Temp/UnityTempFile-c509b8604125c3949bc6b19e8cfde892 
Exit code: 1
Elapsed time: 0.61 sec

- Compiler output (0 lines):

- Compiler errors (21 lines):
0: Assets\Code\SmoothCameraFollow.cs(33,24): warning CS0108: 'SmoothCameraFollow.camera' hides inherited member 'Component.camera'. Use the new keyword if hiding was intended.
1: Assets\Code\Player\PlayerIdle.cs(12,23): warning CS0108: 'PlayerIdle.info' hides inherited member 'ActorState<PlayerActor>.info'. Use the new keyword if hiding was intended.
2: Assets\Code\VelocityMotionController.cs(109,33): error CS0103: The name 'horizontalRayCount' does not exist in the current context
3: Assets\Code\VelocityMotionController.cs(112,44): error CS0103: The name 'horizontalRaySpacing' does not exist in the current context
4: Assets\Code\VelocityMotionController.cs(113,104): error CS0103: The name 'collisionMask' does not exist in the current context
5: Assets\Code\VelocityMotionController.cs(166,33): error CS0103: The name 'verticalRayCount' does not exist in the current context
6: Assets\Code\VelocityMotionController.cs(170,47): error CS0103: The name 'verticalRaySpacing' does not exist in the current context
7: Assets\Code\VelocityMotionController.cs(171,101): error CS0103: The name 'collisionMask' does not exist in the current context
8: Assets\Code\VelocityMotionController.cs(213,104): error CS0103: The name 'collisionMask' does not exist in the current context
9: Assets\Code\VelocityMotionController.cs(247,140): error CS0103: The name 'collisionMask' does not exist in the current context
10: Assets\Code\VelocityMotionController.cs(248,142): error CS0103: The name 'collisionMask' does not exist in the current context
11: Assets\Code\VelocityMotionController.cs(259,94): error CS0103: The name 'collisionMask' does not exist in the current context
12: Assets\Code\BoxcastMotionController.cs(212,47): warning CS0168: The variable 'ex' is declared but never used
13: Assets\Code\BoxcastMotionController.cs(223,43): warning CS0168: The variable 'ex' is declared but never used
14: Assets\Ferr\Common\Scripts\LogoLock.cs(15,24): warning CS0649: Field 'LogoLock.mLockHorizontal' is never assigned to, and will always have its default value
15: Assets\Ferr\2DTerrain\Scripts\Ferr2DT_PathTerrain.cs(263,26): warning CS0649: Field 'Ferr2DT_PathTerrain.terrainMaterial' is never assigned to, and will always have its default value null
16: Assets\Ferr\Common\Scripts\LogoLock.cs(19,24): warning CS0649: Field 'LogoLock.mPadding' is never assigned to, and will always have its default value 0
17: Assets\Code\RaycastController.cs(18,26): warning CS0649: Field 'RaycastController.oneWayLayer' is never assigned to, and will always have its default value
18: Assets\Ferr\Common\Scripts\LogoLock.cs(17,24): warning CS0649: Field 'LogoLock.mLockVertical' is never assigned to, and will always have its default value
19: Assets\Code\SmoothCameraFollow.cs(12,28): warning CS0649: Field 'SmoothCameraFollow.target' is never assigned to, and will always have its default value null
20: Assets\Code\RaycastController.cs(17,26): warning CS0649: Field 'RaycastController.solidLayer' is never assigned to, and will always have its default value
********************************************************************************
*                     Wednesday, June 14, 2017 1:55:18 PM                      *
********************************************************************************
CSharpCompilerWrapper.exe version: 2.0.3.30
Platform: Windows
Target assembly: Assembly-CSharp.dll
Project directory: D:\Google Drive\Games\S92 Master of Ceremonies\Highscore2\UnityProject\platforming-test
Target profile directory: C:\Program Files\Unity\Editor\Data\Mono\lib\mono\unity
Unity 'Data' or 'Frameworks' directory: C:/Program Files/Unity/Editor/Data
Compiler: Microsoft C# 7.0

- Compilation -----------------------------------------------

Process: D:\Google Drive\Games\S92 Master of Ceremonies\Highscore2\UnityProject\platforming-test\CSharp70Support\Roslyn\csc.exe
Arguments: -nostdlib+ -noconfig -nologo -r:"C:\Program Files\Unity\Editor\Data\Mono\lib\mono\unity\mscorlib.dll" -r:"C:\Program Files\Unity\Editor\Data\Mono\lib\mono\unity\System.dll" -r:"C:\Program Files\Unity\Editor\Data\Mono\lib\mono\unity\System.Core.dll" -r:"C:\Program Files\Unity\Editor\Data\Mono\lib\mono\unity\System.Xml.dll" @Temp/UnityTempFile-19d868089c0683d438f21eb0a310e738 
Exit code: 0
Elapsed time: 1.01 sec

- Compiler output (0 lines):

- Compiler errors (11 lines):
0: Assets\Code\SmoothCameraFollow.cs(33,24): warning CS0108: 'SmoothCameraFollow.camera' hides inherited member 'Component.camera'. Use the new keyword if hiding was intended.
1: Assets\Code\Player\PlayerIdle.cs(12,23): warning CS0108: 'PlayerIdle.info' hides inherited member 'ActorState<PlayerActor>.info'. Use the new keyword if hiding was intended.
2: Assets\Code\BoxcastMotionController.cs(212,47): warning CS0168: The variable 'ex' is declared but never used
3: Assets\Code\BoxcastMotionController.cs(223,43): warning CS0168: The variable 'ex' is declared but never used
4: Assets\Ferr\Common\Scripts\LogoLock.cs(19,24): warning CS0649: Field 'LogoLock.mPadding' is never assigned to, and will always have its default value 0
5: Assets\Code\SmoothCameraFollow.cs(12,28): warning CS0649: Field 'SmoothCameraFollow.target' is never assigned to, and will always have its default value null
6: Assets\Ferr\Common\Scripts\LogoLock.cs(15,24): warning CS0649: Field 'LogoLock.mLockHorizontal' is never assigned to, and will always have its default value
7: Assets\Ferr\2DTerrain\Scripts\Ferr2DT_PathTerrain.cs(263,26): warning CS0649: Field 'Ferr2DT_PathTerrain.terrainMaterial' is never assigned to, and will always have its default value null
8: Assets\Code\RaycastController.cs(18,26): warning CS0649: Field 'RaycastController.oneWayLayer' is never assigned to, and will always have its default value
9: Assets\Ferr\Common\Scripts\LogoLock.cs(17,24): warning CS0649: Field 'LogoLock.mLockVertical' is never assigned to, and will always have its default value
10: Assets\Code\RaycastController.cs(17,26): warning CS0649: Field 'RaycastController.solidLayer' is never assigned to, and will always have its default value

- PDB to MDB conversion --------------------------------------

Process: D:\Google Drive\Games\S92 Master of Ceremonies\Highscore2\UnityProject\platforming-test\CSharp70Support\Roslyn\pdb2mdb.exe
Arguments: Temp\Assembly-CSharp.dll
Exit code: 0
Elapsed time: 0.11 sec

- pdb2mdb.exe output (0 lines):
********************************************************************************
*                     Wednesday, June 14, 2017 1:55:20 PM                      *
********************************************************************************
CSharpCompilerWrapper.exe version: 2.0.3.30
Platform: Windows
Target assembly: Assembly-CSharp-Editor.dll
Project directory: D:\Google Drive\Games\S92 Master of Ceremonies\Highscore2\UnityProject\platforming-test
Target profile directory: C:\Program Files\Unity\Editor\Data\MonoBleedingEdge\lib\mono\2.0-api
Unity 'Data' or 'Frameworks' directory: C:/Program Files/Unity/Editor/Data
Compiler: Microsoft C# 7.0

- Compilation -----------------------------------------------

Process: D:\Google Drive\Games\S92 Master of Ceremonies\Highscore2\UnityProject\platforming-test\CSharp70Support\Roslyn\csc.exe
Arguments: -nostdlib+ -noconfig -nologo -r:"C:\Program Files\Unity\Editor\Data\MonoBleedingEdge\lib\mono\2.0-api\mscorlib.dll" -r:"C:\Program Files\Unity\Editor\Data\MonoBleedingEdge\lib\mono\2.0-api\System.dll" -r:"C:\Program Files\Unity\Editor\Data\MonoBleedingEdge\lib\mono\2.0-api\System.Core.dll" -r:"C:\Program Files\Unity\Editor\Data\MonoBleedingEdge\lib\mono\2.0-api\System.Xml.dll" @Temp/UnityTempFile-ebc3bc354b850e743924fd47ed1c05d9 
Exit code: 0
Elapsed time: 0.65 sec

- Compiler output (0 lines):

- Compiler errors (22 lines):
0: Assets\Ferr\2D\Editor\Ferr2D_PathEditor.cs(530,10): warning CS0618: 'Handles.DrawCapFunction' is obsolete: 'This delegate is obsolete. Use CapFunction instead.'
1: Assets\Ferr\2DTerrain\Editor\Ferr2DT_PathTerrainEditor.cs(117,9): warning CS0618: 'EditorUtility.SetSelectedWireframeHidden(Renderer, bool)' is obsolete: 'Use EditorUtility.SetSelectedRenderState'
2: Assets\Ferr\2D\Editor\Ferr2D_PathEditor.cs(291,3): warning CS0618: 'Handles.DrawCapFunction' is obsolete: 'This delegate is obsolete. Use CapFunction instead.'
3: Assets\Ferr\2D\Editor\Ferr2D_PathEditor.cs(291,86): warning CS0618: 'Handles.DrawCapFunction' is obsolete: 'This delegate is obsolete. Use CapFunction instead.'
4: Assets\Ferr\2D\Editor\Ferr2D_PathEditor.cs(291,133): warning CS0618: 'Handles.DrawCapFunction' is obsolete: 'This delegate is obsolete. Use CapFunction instead.'
5: Assets\Ferr\2D\Editor\Ferr2D_PathEditor.cs(292,7): warning CS0618: 'Handles.Button(Vector3, Quaternion, float, float, Handles.DrawCapFunction)' is obsolete: 'DrawCapFunction is obsolete. Use the version with CapFunction instead. Example: Change SphereCap to SphereHandleCap.'
6: Assets\Ferr\2D\Editor\Ferr2D_PathEditor.cs(302,33): warning CS0618: 'Handles.Button(Vector3, Quaternion, float, float, Handles.DrawCapFunction)' is obsolete: 'DrawCapFunction is obsolete. Use the version with CapFunction instead. Example: Change SphereCap to SphereHandleCap.'
7: Assets\Ferr\2D\Editor\Ferr2D_PathEditor.cs(316,33): warning CS0618: 'Handles.Button(Vector3, Quaternion, float, float, Handles.DrawCapFunction)' is obsolete: 'DrawCapFunction is obsolete. Use the version with CapFunction instead. Example: Change SphereCap to SphereHandleCap.'
8: Assets\Ferr\2D\Editor\Ferr2D_PathEditor.cs(339,3): warning CS0618: 'Handles.DrawCapFunction' is obsolete: 'This delegate is obsolete. Use CapFunction instead.'
9: Assets\Ferr\2D\Editor\Ferr2D_PathEditor.cs(340,50): warning CS0618: 'Handles.DrawCapFunction' is obsolete: 'This delegate is obsolete. Use CapFunction instead.'
10: Assets\Ferr\2D\Editor\Ferr2D_PathEditor.cs(340,96): warning CS0618: 'Handles.DrawCapFunction' is obsolete: 'This delegate is obsolete. Use CapFunction instead.'
11: Assets\Ferr\2D\Editor\Ferr2D_PathEditor.cs(341,50): warning CS0618: 'Handles.DrawCapFunction' is obsolete: 'This delegate is obsolete. Use CapFunction instead.'
12: Assets\Ferr\2D\Editor\Ferr2D_PathEditor.cs(341,96): warning CS0618: 'Handles.DrawCapFunction' is obsolete: 'This delegate is obsolete. Use CapFunction instead.'
13: Assets\Ferr\2D\Editor\Ferr2D_PathEditor.cs(343,20): warning CS0618: 'Handles.FreeMoveHandle(Vector3, Quaternion, float, Vector3, Handles.DrawCapFunction)' is obsolete: 'DrawCapFunction is obsolete. Use the version with CapFunction instead. Example: Change SphereCap to SphereHandleCap.'
14: Assets\Ferr\2D\Editor\Ferr2D_PathEditor.cs(368,32): warning CS0618: 'Handles.DrawCapFunction' is obsolete: 'This delegate is obsolete. Use CapFunction instead.'
15: Assets\Ferr\2D\Editor\Ferr2D_PathEditor.cs(369,9): warning CS0618: 'Handles.Button(Vector3, Quaternion, float, float, Handles.DrawCapFunction)' is obsolete: 'DrawCapFunction is obsolete. Use the version with CapFunction instead. Example: Change SphereCap to SphereHandleCap.'
16: Assets\Ferr\2D\Editor\Ferr2D_PathEditor.cs(387,31): warning CS0618: 'Handles.DrawCapFunction' is obsolete: 'This delegate is obsolete. Use CapFunction instead.'
17: Assets\Ferr\2D\Editor\Ferr2D_PathEditor.cs(387,70): warning CS0618: 'Handles.DrawCapFunction' is obsolete: 'This delegate is obsolete. Use CapFunction instead.'
18: Assets\Ferr\2D\Editor\Ferr2D_PathEditor.cs(389,24): warning CS0618: 'Handles.FreeMoveHandle(Vector3, Quaternion, float, Vector3, Handles.DrawCapFunction)' is obsolete: 'DrawCapFunction is obsolete. Use the version with CapFunction instead. Example: Change SphereCap to SphereHandleCap.'
19: Assets\Ferr\2D\Editor\Ferr2D_PathEditor.cs(411,8): warning CS0618: 'Handles.Button(Vector3, Quaternion, float, float, Handles.DrawCapFunction)' is obsolete: 'DrawCapFunction is obsolete. Use the version with CapFunction instead. Example: Change SphereCap to SphereHandleCap.'
20: Assets\Spine\spine-unity\Editor\SpineEditorUtilities.cs(1678,4): warning CS0618: 'Handles.DotCap(int, Vector3, Quaternion, float)' is obsolete: 'Use DotHandleCap instead'
21: Assets\Ferr\2D\Editor\Ferr2D_PathEditor.cs(492,7): warning CS0618: 'Handles.Button(Vector3, Quaternion, float, float, Handles.DrawCapFunction)' is obsolete: 'DrawCapFunction is obsolete. Use the version with CapFunction instead. Example: Change SphereCap to SphereHandleCap.'

- PDB to MDB conversion --------------------------------------

Process: D:\Google Drive\Games\S92 Master of Ceremonies\Highscore2\UnityProject\platforming-test\CSharp70Support\Roslyn\pdb2mdb.exe
Arguments: Temp\Assembly-CSharp-Editor.dll
Exit code: 0
Elapsed time: 0.08 sec

- pdb2mdb.exe output (0 lines):
********************************************************************************
*                     Wednesday, June 14, 2017 1:55:54 PM                      *
********************************************************************************
CSharpCompilerWrapper.exe version: 2.0.3.30
Platform: Windows
Target assembly: Assembly-CSharp.dll
Project directory: D:\Google Drive\Games\S92 Master of Ceremonies\Highscore2\UnityProject\platforming-test
Target profile directory: C:\Program Files\Unity\Editor\Data\Mono\lib\mono\unity
Unity 'Data' or 'Frameworks' directory: C:/Program Files/Unity/Editor/Data
Compiler: Microsoft C# 7.0

- Compilation -----------------------------------------------

Process: D:\Google Drive\Games\S92 Master of Ceremonies\Highscore2\UnityProject\platforming-test\CSharp70Support\Roslyn\csc.exe
Arguments: -nostdlib+ -noconfig -nologo -r:"C:\Program Files\Unity\Editor\Data\Mono\lib\mono\unity\mscorlib.dll" -r:"C:\Program Files\Unity\Editor\Data\Mono\lib\mono\unity\System.dll" -r:"C:\Program Files\Unity\Editor\Data\Mono\lib\mono\unity\System.Core.dll" -r:"C:\Program Files\Unity\Editor\Data\Mono\lib\mono\unity\System.Xml.dll" @Temp/UnityTempFile-e5f42abddb75de54790053564b8ff8e1 
Exit code: 0
Elapsed time: 0.94 sec

- Compiler output (0 lines):

- Compiler errors (11 lines):
0: Assets\Code\SmoothCameraFollow.cs(33,24): warning CS0108: 'SmoothCameraFollow.camera' hides inherited member 'Component.camera'. Use the new keyword if hiding was intended.
1: Assets\Code\Player\PlayerIdle.cs(12,23): warning CS0108: 'PlayerIdle.info' hides inherited member 'ActorState<PlayerActor>.info'. Use the new keyword if hiding was intended.
2: Assets\Code\BoxcastMotionController.cs(212,47): warning CS0168: The variable 'ex' is declared but never used
3: Assets\Code\BoxcastMotionController.cs(223,43): warning CS0168: The variable 'ex' is declared but never used
4: Assets\Code\RaycastController.cs(17,26): warning CS0649: Field 'RaycastController.solidLayer' is never assigned to, and will always have its default value
5: Assets\Code\SmoothCameraFollow.cs(12,28): warning CS0649: Field 'SmoothCameraFollow.target' is never assigned to, and will always have its default value null
6: Assets\Ferr\Common\Scripts\LogoLock.cs(17,24): warning CS0649: Field 'LogoLock.mLockVertical' is never assigned to, and will always have its default value
7: Assets\Ferr\Common\Scripts\LogoLock.cs(19,24): warning CS0649: Field 'LogoLock.mPadding' is never assigned to, and will always have its default value 0
8: Assets\Code\RaycastController.cs(18,26): warning CS0649: Field 'RaycastController.oneWayLayer' is never assigned to, and will always have its default value
9: Assets\Ferr\2DTerrain\Scripts\Ferr2DT_PathTerrain.cs(263,26): warning CS0649: Field 'Ferr2DT_PathTerrain.terrainMaterial' is never assigned to, and will always have its default value null
10: Assets\Ferr\Common\Scripts\LogoLock.cs(15,24): warning CS0649: Field 'LogoLock.mLockHorizontal' is never assigned to, and will always have its default value

- PDB to MDB conversion --------------------------------------

Process: D:\Google Drive\Games\S92 Master of Ceremonies\Highscore2\UnityProject\platforming-test\CSharp70Support\Roslyn\pdb2mdb.exe
Arguments: Temp\Assembly-CSharp.dll
Exit code: 0
Elapsed time: 0.25 sec

- pdb2mdb.exe output (0 lines):
********************************************************************************
*                     Wednesday, June 14, 2017 1:55:56 PM                      *
********************************************************************************
CSharpCompilerWrapper.exe version: 2.0.3.30
Platform: Windows
Target assembly: Assembly-CSharp-Editor.dll
Project directory: D:\Google Drive\Games\S92 Master of Ceremonies\Highscore2\UnityProject\platforming-test
Target profile directory: C:\Program Files\Unity\Editor\Data\MonoBleedingEdge\lib\mono\2.0-api
Unity 'Data' or 'Frameworks' directory: C:/Program Files/Unity/Editor/Data
Compiler: Microsoft C# 7.0

- Compilation -----------------------------------------------

Process: D:\Google Drive\Games\S92 Master of Ceremonies\Highscore2\UnityProject\platforming-test\CSharp70Support\Roslyn\csc.exe
Arguments: -nostdlib+ -noconfig -nologo -r:"C:\Program Files\Unity\Editor\Data\MonoBleedingEdge\lib\mono\2.0-api\mscorlib.dll" -r:"C:\Program Files\Unity\Editor\Data\MonoBleedingEdge\lib\mono\2.0-api\System.dll" -r:"C:\Program Files\Unity\Editor\Data\MonoBleedingEdge\lib\mono\2.0-api\System.Core.dll" -r:"C:\Program Files\Unity\Editor\Data\MonoBleedingEdge\lib\mono\2.0-api\System.Xml.dll" @Temp/UnityTempFile-d57dd2f6eea0be741a8d5c9ffcecc2fe 
Exit code: 0
Elapsed time: 0.64 sec

- Compiler output (0 lines):

- Compiler errors (22 lines):
0: Assets\Ferr\2D\Editor\Ferr2D_PathEditor.cs(530,10): warning CS0618: 'Handles.DrawCapFunction' is obsolete: 'This delegate is obsolete. Use CapFunction instead.'
1: Assets\Ferr\2DTerrain\Editor\Ferr2DT_PathTerrainEditor.cs(117,9): warning CS0618: 'EditorUtility.SetSelectedWireframeHidden(Renderer, bool)' is obsolete: 'Use EditorUtility.SetSelectedRenderState'
2: Assets\Ferr\2D\Editor\Ferr2D_PathEditor.cs(291,3): warning CS0618: 'Handles.DrawCapFunction' is obsolete: 'This delegate is obsolete. Use CapFunction instead.'
3: Assets\Ferr\2D\Editor\Ferr2D_PathEditor.cs(291,86): warning CS0618: 'Handles.DrawCapFunction' is obsolete: 'This delegate is obsolete. Use CapFunction instead.'
4: Assets\Ferr\2D\Editor\Ferr2D_PathEditor.cs(291,133): warning CS0618: 'Handles.DrawCapFunction' is obsolete: 'This delegate is obsolete. Use CapFunction instead.'
5: Assets\Ferr\2D\Editor\Ferr2D_PathEditor.cs(292,7): warning CS0618: 'Handles.Button(Vector3, Quaternion, float, float, Handles.DrawCapFunction)' is obsolete: 'DrawCapFunction is obsolete. Use the version with CapFunction instead. Example: Change SphereCap to SphereHandleCap.'
6: Assets\Ferr\2D\Editor\Ferr2D_PathEditor.cs(302,33): warning CS0618: 'Handles.Button(Vector3, Quaternion, float, float, Handles.DrawCapFunction)' is obsolete: 'DrawCapFunction is obsolete. Use the version with CapFunction instead. Example: Change SphereCap to SphereHandleCap.'
7: Assets\Ferr\2D\Editor\Ferr2D_PathEditor.cs(316,33): warning CS0618: 'Handles.Button(Vector3, Quaternion, float, float, Handles.DrawCapFunction)' is obsolete: 'DrawCapFunction is obsolete. Use the version with CapFunction instead. Example: Change SphereCap to SphereHandleCap.'
8: Assets\Ferr\2D\Editor\Ferr2D_PathEditor.cs(339,3): warning CS0618: 'Handles.DrawCapFunction' is obsolete: 'This delegate is obsolete. Use CapFunction instead.'
9: Assets\Ferr\2D\Editor\Ferr2D_PathEditor.cs(340,50): warning CS0618: 'Handles.DrawCapFunction' is obsolete: 'This delegate is obsolete. Use CapFunction instead.'
10: Assets\Ferr\2D\Editor\Ferr2D_PathEditor.cs(340,96): warning CS0618: 'Handles.DrawCapFunction' is obsolete: 'This delegate is obsolete. Use CapFunction instead.'
11: Assets\Ferr\2D\Editor\Ferr2D_PathEditor.cs(341,50): warning CS0618: 'Handles.DrawCapFunction' is obsolete: 'This delegate is obsolete. Use CapFunction instead.'
12: Assets\Ferr\2D\Editor\Ferr2D_PathEditor.cs(341,96): warning CS0618: 'Handles.DrawCapFunction' is obsolete: 'This delegate is obsolete. Use CapFunction instead.'
13: Assets\Ferr\2D\Editor\Ferr2D_PathEditor.cs(343,20): warning CS0618: 'Handles.FreeMoveHandle(Vector3, Quaternion, float, Vector3, Handles.DrawCapFunction)' is obsolete: 'DrawCapFunction is obsolete. Use the version with CapFunction instead. Example: Change SphereCap to SphereHandleCap.'
14: Assets\Ferr\2D\Editor\Ferr2D_PathEditor.cs(368,32): warning CS0618: 'Handles.DrawCapFunction' is obsolete: 'This delegate is obsolete. Use CapFunction instead.'
15: Assets\Ferr\2D\Editor\Ferr2D_PathEditor.cs(369,9): warning CS0618: 'Handles.Button(Vector3, Quaternion, float, float, Handles.DrawCapFunction)' is obsolete: 'DrawCapFunction is obsolete. Use the version with CapFunction instead. Example: Change SphereCap to SphereHandleCap.'
16: Assets\Ferr\2D\Editor\Ferr2D_PathEditor.cs(387,31): warning CS0618: 'Handles.DrawCapFunction' is obsolete: 'This delegate is obsolete. Use CapFunction instead.'
17: Assets\Ferr\2D\Editor\Ferr2D_PathEditor.cs(387,70): warning CS0618: 'Handles.DrawCapFunction' is obsolete: 'This delegate is obsolete. Use CapFunction instead.'
18: Assets\Ferr\2D\Editor\Ferr2D_PathEditor.cs(389,24): warning CS0618: 'Handles.FreeMoveHandle(Vector3, Quaternion, float, Vector3, Handles.DrawCapFunction)' is obsolete: 'DrawCapFunction is obsolete. Use the version with CapFunction instead. Example: Change SphereCap to SphereHandleCap.'
19: Assets\Ferr\2D\Editor\Ferr2D_PathEditor.cs(411,8): warning CS0618: 'Handles.Button(Vector3, Quaternion, float, float, Handles.DrawCapFunction)' is obsolete: 'DrawCapFunction is obsolete. Use the version with CapFunction instead. Example: Change SphereCap to SphereHandleCap.'
20: Assets\Ferr\2D\Editor\Ferr2D_PathEditor.cs(492,7): warning CS0618: 'Handles.Button(Vector3, Quaternion, float, float, Handles.DrawCapFunction)' is obsolete: 'DrawCapFunction is obsolete. Use the version with CapFunction instead. Example: Change SphereCap to SphereHandleCap.'
21: Assets\Spine\spine-unity\Editor\SpineEditorUtilities.cs(1678,4): warning CS0618: 'Handles.DotCap(int, Vector3, Quaternion, float)' is obsolete: 'Use DotHandleCap instead'

- PDB to MDB conversion --------------------------------------

Process: D:\Google Drive\Games\S92 Master of Ceremonies\Highscore2\UnityProject\platforming-test\CSharp70Support\Roslyn\pdb2mdb.exe
Arguments: Temp\Assembly-CSharp-Editor.dll
Exit code: 0
Elapsed time: 0.06 sec

- pdb2mdb.exe output (0 lines):
********************************************************************************
*                     Wednesday, June 14, 2017 1:59:01 PM                      *
********************************************************************************
CSharpCompilerWrapper.exe version: 2.0.3.30
Platform: Windows
Target assembly: Assembly-CSharp.dll
Project directory: D:\Google Drive\Games\S92 Master of Ceremonies\Highscore2\UnityProject\platforming-test
Target profile directory: C:\Program Files\Unity\Editor\Data\Mono\lib\mono\unity
Unity 'Data' or 'Frameworks' directory: C:/Program Files/Unity/Editor/Data
Compiler: Microsoft C# 7.0

- Compilation -----------------------------------------------

Process: D:\Google Drive\Games\S92 Master of Ceremonies\Highscore2\UnityProject\platforming-test\CSharp70Support\Roslyn\csc.exe
Arguments: -nostdlib+ -noconfig -nologo -r:"C:\Program Files\Unity\Editor\Data\Mono\lib\mono\unity\mscorlib.dll" -r:"C:\Program Files\Unity\Editor\Data\Mono\lib\mono\unity\System.dll" -r:"C:\Program Files\Unity\Editor\Data\Mono\lib\mono\unity\System.Core.dll" -r:"C:\Program Files\Unity\Editor\Data\Mono\lib\mono\unity\System.Xml.dll" @Temp/UnityTempFile-034a394df01b6c24aa5edd01dfe2be76 
Exit code: 0
Elapsed time: 0.93 sec

- Compiler output (0 lines):

- Compiler errors (11 lines):
0: Assets\Code\SmoothCameraFollow.cs(33,24): warning CS0108: 'SmoothCameraFollow.camera' hides inherited member 'Component.camera'. Use the new keyword if hiding was intended.
1: Assets\Code\Player\PlayerIdle.cs(12,23): warning CS0108: 'PlayerIdle.info' hides inherited member 'ActorState<PlayerActor>.info'. Use the new keyword if hiding was intended.
2: Assets\Code\BoxcastMotionController.cs(212,47): warning CS0168: The variable 'ex' is declared but never used
3: Assets\Code\BoxcastMotionController.cs(223,43): warning CS0168: The variable 'ex' is declared but never used
4: Assets\Code\RaycastController.cs(17,26): warning CS0649: Field 'RaycastController.solidLayer' is never assigned to, and will always have its default value
5: Assets\Code\RaycastController.cs(18,26): warning CS0649: Field 'RaycastController.oneWayLayer' is never assigned to, and will always have its default value
6: Assets\Ferr\Common\Scripts\LogoLock.cs(17,24): warning CS0649: Field 'LogoLock.mLockVertical' is never assigned to, and will always have its default value
7: Assets\Ferr\2DTerrain\Scripts\Ferr2DT_PathTerrain.cs(263,26): warning CS0649: Field 'Ferr2DT_PathTerrain.terrainMaterial' is never assigned to, and will always have its default value null
8: Assets\Ferr\Common\Scripts\LogoLock.cs(19,24): warning CS0649: Field 'LogoLock.mPadding' is never assigned to, and will always have its default value 0
9: Assets\Code\SmoothCameraFollow.cs(12,28): warning CS0649: Field 'SmoothCameraFollow.target' is never assigned to, and will always have its default value null
10: Assets\Ferr\Common\Scripts\LogoLock.cs(15,24): warning CS0649: Field 'LogoLock.mLockHorizontal' is never assigned to, and will always have its default value

- PDB to MDB conversion --------------------------------------

Process: D:\Google Drive\Games\S92 Master of Ceremonies\Highscore2\UnityProject\platforming-test\CSharp70Support\Roslyn\pdb2mdb.exe
Arguments: Temp\Assembly-CSharp.dll
Exit code: 0
Elapsed time: 0.12 sec

- pdb2mdb.exe output (0 lines):
********************************************************************************
*                     Wednesday, June 14, 2017 1:59:03 PM                      *
********************************************************************************
CSharpCompilerWrapper.exe version: 2.0.3.30
Platform: Windows
Target assembly: Assembly-CSharp-Editor.dll
Project directory: D:\Google Drive\Games\S92 Master of Ceremonies\Highscore2\UnityProject\platforming-test
Target profile directory: C:\Program Files\Unity\Editor\Data\MonoBleedingEdge\lib\mono\2.0-api
Unity 'Data' or 'Frameworks' directory: C:/Program Files/Unity/Editor/Data
Compiler: Microsoft C# 7.0

- Compilation -----------------------------------------------

Process: D:\Google Drive\Games\S92 Master of Ceremonies\Highscore2\UnityProject\platforming-test\CSharp70Support\Roslyn\csc.exe
Arguments: -nostdlib+ -noconfig -nologo -r:"C:\Program Files\Unity\Editor\Data\MonoBleedingEdge\lib\mono\2.0-api\mscorlib.dll" -r:"C:\Program Files\Unity\Editor\Data\MonoBleedingEdge\lib\mono\2.0-api\System.dll" -r:"C:\Program Files\Unity\Editor\Data\MonoBleedingEdge\lib\mono\2.0-api\System.Core.dll" -r:"C:\Program Files\Unity\Editor\Data\MonoBleedingEdge\lib\mono\2.0-api\System.Xml.dll" @Temp/UnityTempFile-83918682c40e38f438a2d4ec45b35d26 
Exit code: 0
Elapsed time: 0.63 sec

- Compiler output (0 lines):

- Compiler errors (22 lines):
0: Assets\Ferr\2D\Editor\Ferr2D_PathEditor.cs(530,10): warning CS0618: 'Handles.DrawCapFunction' is obsolete: 'This delegate is obsolete. Use CapFunction instead.'
1: Assets\Ferr\2DTerrain\Editor\Ferr2DT_PathTerrainEditor.cs(117,9): warning CS0618: 'EditorUtility.SetSelectedWireframeHidden(Renderer, bool)' is obsolete: 'Use EditorUtility.SetSelectedRenderState'
2: Assets\Ferr\2D\Editor\Ferr2D_PathEditor.cs(291,3): warning CS0618: 'Handles.DrawCapFunction' is obsolete: 'This delegate is obsolete. Use CapFunction instead.'
3: Assets\Ferr\2D\Editor\Ferr2D_PathEditor.cs(291,86): warning CS0618: 'Handles.DrawCapFunction' is obsolete: 'This delegate is obsolete. Use CapFunction instead.'
4: Assets\Ferr\2D\Editor\Ferr2D_PathEditor.cs(291,133): warning CS0618: 'Handles.DrawCapFunction' is obsolete: 'This delegate is obsolete. Use CapFunction instead.'
5: Assets\Ferr\2D\Editor\Ferr2D_PathEditor.cs(292,7): warning CS0618: 'Handles.Button(Vector3, Quaternion, float, float, Handles.DrawCapFunction)' is obsolete: 'DrawCapFunction is obsolete. Use the version with CapFunction instead. Example: Change SphereCap to SphereHandleCap.'
6: Assets\Ferr\2D\Editor\Ferr2D_PathEditor.cs(302,33): warning CS0618: 'Handles.Button(Vector3, Quaternion, float, float, Handles.DrawCapFunction)' is obsolete: 'DrawCapFunction is obsolete. Use the version with CapFunction instead. Example: Change SphereCap to SphereHandleCap.'
7: Assets\Ferr\2D\Editor\Ferr2D_PathEditor.cs(316,33): warning CS0618: 'Handles.Button(Vector3, Quaternion, float, float, Handles.DrawCapFunction)' is obsolete: 'DrawCapFunction is obsolete. Use the version with CapFunction instead. Example: Change SphereCap to SphereHandleCap.'
8: Assets\Ferr\2D\Editor\Ferr2D_PathEditor.cs(339,3): warning CS0618: 'Handles.DrawCapFunction' is obsolete: 'This delegate is obsolete. Use CapFunction instead.'
9: Assets\Ferr\2D\Editor\Ferr2D_PathEditor.cs(340,50): warning CS0618: 'Handles.DrawCapFunction' is obsolete: 'This delegate is obsolete. Use CapFunction instead.'
10: Assets\Ferr\2D\Editor\Ferr2D_PathEditor.cs(340,96): warning CS0618: 'Handles.DrawCapFunction' is obsolete: 'This delegate is obsolete. Use CapFunction instead.'
11: Assets\Ferr\2D\Editor\Ferr2D_PathEditor.cs(341,50): warning CS0618: 'Handles.DrawCapFunction' is obsolete: 'This delegate is obsolete. Use CapFunction instead.'
12: Assets\Ferr\2D\Editor\Ferr2D_PathEditor.cs(341,96): warning CS0618: 'Handles.DrawCapFunction' is obsolete: 'This delegate is obsolete. Use CapFunction instead.'
13: Assets\Ferr\2D\Editor\Ferr2D_PathEditor.cs(343,20): warning CS0618: 'Handles.FreeMoveHandle(Vector3, Quaternion, float, Vector3, Handles.DrawCapFunction)' is obsolete: 'DrawCapFunction is obsolete. Use the version with CapFunction instead. Example: Change SphereCap to SphereHandleCap.'
14: Assets\Ferr\2D\Editor\Ferr2D_PathEditor.cs(368,32): warning CS0618: 'Handles.DrawCapFunction' is obsolete: 'This delegate is obsolete. Use CapFunction instead.'
15: Assets\Ferr\2D\Editor\Ferr2D_PathEditor.cs(369,9): warning CS0618: 'Handles.Button(Vector3, Quaternion, float, float, Handles.DrawCapFunction)' is obsolete: 'DrawCapFunction is obsolete. Use the version with CapFunction instead. Example: Change SphereCap to SphereHandleCap.'
16: Assets\Ferr\2D\Editor\Ferr2D_PathEditor.cs(387,31): warning CS0618: 'Handles.DrawCapFunction' is obsolete: 'This delegate is obsolete. Use CapFunction instead.'
17: Assets\Ferr\2D\Editor\Ferr2D_PathEditor.cs(387,70): warning CS0618: 'Handles.DrawCapFunction' is obsolete: 'This delegate is obsolete. Use CapFunction instead.'
18: Assets\Ferr\2D\Editor\Ferr2D_PathEditor.cs(389,24): warning CS0618: 'Handles.FreeMoveHandle(Vector3, Quaternion, float, Vector3, Handles.DrawCapFunction)' is obsolete: 'DrawCapFunction is obsolete. Use the version with CapFunction instead. Example: Change SphereCap to SphereHandleCap.'
19: Assets\Ferr\2D\Editor\Ferr2D_PathEditor.cs(411,8): warning CS0618: 'Handles.Button(Vector3, Quaternion, float, float, Handles.DrawCapFunction)' is obsolete: 'DrawCapFunction is obsolete. Use the version with CapFunction instead. Example: Change SphereCap to SphereHandleCap.'
20: Assets\Spine\spine-unity\Editor\SpineEditorUtilities.cs(1678,4): warning CS0618: 'Handles.DotCap(int, Vector3, Quaternion, float)' is obsolete: 'Use DotHandleCap instead'
21: Assets\Ferr\2D\Editor\Ferr2D_PathEditor.cs(492,7): warning CS0618: 'Handles.Button(Vector3, Quaternion, float, float, Handles.DrawCapFunction)' is obsolete: 'DrawCapFunction is obsolete. Use the version with CapFunction instead. Example: Change SphereCap to SphereHandleCap.'

- PDB to MDB conversion --------------------------------------

Process: D:\Google Drive\Games\S92 Master of Ceremonies\Highscore2\UnityProject\platforming-test\CSharp70Support\Roslyn\pdb2mdb.exe
Arguments: Temp\Assembly-CSharp-Editor.dll
Exit code: 0
Elapsed time: 0.08 sec

- pdb2mdb.exe output (0 lines):
********************************************************************************
*                     Wednesday, June 14, 2017 2:01:14 PM                      *
********************************************************************************
CSharpCompilerWrapper.exe version: 2.0.3.30
Platform: Windows
Target assembly: Assembly-CSharp.dll
Project directory: D:\Google Drive\Games\S92 Master of Ceremonies\Highscore2\UnityProject\platforming-test
Target profile directory: C:\Program Files\Unity\Editor\Data\Mono\lib\mono\unity
Unity 'Data' or 'Frameworks' directory: C:/Program Files/Unity/Editor/Data
Compiler: Microsoft C# 7.0

- Compilation -----------------------------------------------

Process: D:\Google Drive\Games\S92 Master of Ceremonies\Highscore2\UnityProject\platforming-test\CSharp70Support\Roslyn\csc.exe
Arguments: -nostdlib+ -noconfig -nologo -r:"C:\Program Files\Unity\Editor\Data\Mono\lib\mono\unity\mscorlib.dll" -r:"C:\Program Files\Unity\Editor\Data\Mono\lib\mono\unity\System.dll" -r:"C:\Program Files\Unity\Editor\Data\Mono\lib\mono\unity\System.Core.dll" -r:"C:\Program Files\Unity\Editor\Data\Mono\lib\mono\unity\System.Xml.dll" @Temp/UnityTempFile-622a0cd4f8a83e2448e6b0129356c223 
Exit code: 0
Elapsed time: 0.95 sec

- Compiler output (0 lines):

- Compiler errors (11 lines):
0: Assets\Code\SmoothCameraFollow.cs(33,24): warning CS0108: 'SmoothCameraFollow.camera' hides inherited member 'Component.camera'. Use the new keyword if hiding was intended.
1: Assets\Code\Player\PlayerIdle.cs(12,23): warning CS0108: 'PlayerIdle.info' hides inherited member 'ActorState<PlayerActor>.info'. Use the new keyword if hiding was intended.
2: Assets\Code\BoxcastMotionController.cs(212,47): warning CS0168: The variable 'ex' is declared but never used
3: Assets\Code\BoxcastMotionController.cs(223,43): warning CS0168: The variable 'ex' is declared but never used
4: Assets\Code\RaycastController.cs(18,26): warning CS0649: Field 'RaycastController.oneWayLayer' is never assigned to, and will always have its default value
5: Assets\Ferr\2DTerrain\Scripts\Ferr2DT_PathTerrain.cs(263,26): warning CS0649: Field 'Ferr2DT_PathTerrain.terrainMaterial' is never assigned to, and will always have its default value null
6: Assets\Code\SmoothCameraFollow.cs(12,28): warning CS0649: Field 'SmoothCameraFollow.target' is never assigned to, and will always have its default value null
7: Assets\Ferr\Common\Scripts\LogoLock.cs(15,24): warning CS0649: Field 'LogoLock.mLockHorizontal' is never assigned to, and will always have its default value
8: Assets\Ferr\Common\Scripts\LogoLock.cs(17,24): warning CS0649: Field 'LogoLock.mLockVertical' is never assigned to, and will always have its default value
9: Assets\Code\RaycastController.cs(17,26): warning CS0649: Field 'RaycastController.solidLayer' is never assigned to, and will always have its default value
10: Assets\Ferr\Common\Scripts\LogoLock.cs(19,24): warning CS0649: Field 'LogoLock.mPadding' is never assigned to, and will always have its default value 0

- PDB to MDB conversion --------------------------------------

Process: D:\Google Drive\Games\S92 Master of Ceremonies\Highscore2\UnityProject\platforming-test\CSharp70Support\Roslyn\pdb2mdb.exe
Arguments: Temp\Assembly-CSharp.dll
Exit code: 0
Elapsed time: 0.11 sec

- pdb2mdb.exe output (0 lines):
********************************************************************************
*                     Wednesday, June 14, 2017 2:01:15 PM                      *
********************************************************************************
CSharpCompilerWrapper.exe version: 2.0.3.30
Platform: Windows
Target assembly: Assembly-CSharp-Editor.dll
Project directory: D:\Google Drive\Games\S92 Master of Ceremonies\Highscore2\UnityProject\platforming-test
Target profile directory: C:\Program Files\Unity\Editor\Data\MonoBleedingEdge\lib\mono\2.0-api
Unity 'Data' or 'Frameworks' directory: C:/Program Files/Unity/Editor/Data
Compiler: Microsoft C# 7.0

- Compilation -----------------------------------------------

Process: D:\Google Drive\Games\S92 Master of Ceremonies\Highscore2\UnityProject\platforming-test\CSharp70Support\Roslyn\csc.exe
Arguments: -nostdlib+ -noconfig -nologo -r:"C:\Program Files\Unity\Editor\Data\MonoBleedingEdge\lib\mono\2.0-api\mscorlib.dll" -r:"C:\Program Files\Unity\Editor\Data\MonoBleedingEdge\lib\mono\2.0-api\System.dll" -r:"C:\Program Files\Unity\Editor\Data\MonoBleedingEdge\lib\mono\2.0-api\System.Core.dll" -r:"C:\Program Files\Unity\Editor\Data\MonoBleedingEdge\lib\mono\2.0-api\System.Xml.dll" @Temp/UnityTempFile-47f5a1325688a4f4ab99a9c8f040401f 
Exit code: 0
Elapsed time: 0.62 sec

- Compiler output (0 lines):

- Compiler errors (22 lines):
0: Assets\Ferr\2D\Editor\Ferr2D_PathEditor.cs(530,10): warning CS0618: 'Handles.DrawCapFunction' is obsolete: 'This delegate is obsolete. Use CapFunction instead.'
1: Assets\Ferr\2DTerrain\Editor\Ferr2DT_PathTerrainEditor.cs(117,9): warning CS0618: 'EditorUtility.SetSelectedWireframeHidden(Renderer, bool)' is obsolete: 'Use EditorUtility.SetSelectedRenderState'
2: Assets\Ferr\2D\Editor\Ferr2D_PathEditor.cs(291,3): warning CS0618: 'Handles.DrawCapFunction' is obsolete: 'This delegate is obsolete. Use CapFunction instead.'
3: Assets\Ferr\2D\Editor\Ferr2D_PathEditor.cs(291,86): warning CS0618: 'Handles.DrawCapFunction' is obsolete: 'This delegate is obsolete. Use CapFunction instead.'
4: Assets\Ferr\2D\Editor\Ferr2D_PathEditor.cs(291,133): warning CS0618: 'Handles.DrawCapFunction' is obsolete: 'This delegate is obsolete. Use CapFunction instead.'
5: Assets\Ferr\2D\Editor\Ferr2D_PathEditor.cs(292,7): warning CS0618: 'Handles.Button(Vector3, Quaternion, float, float, Handles.DrawCapFunction)' is obsolete: 'DrawCapFunction is obsolete. Use the version with CapFunction instead. Example: Change SphereCap to SphereHandleCap.'
6: Assets\Ferr\2D\Editor\Ferr2D_PathEditor.cs(302,33): warning CS0618: 'Handles.Button(Vector3, Quaternion, float, float, Handles.DrawCapFunction)' is obsolete: 'DrawCapFunction is obsolete. Use the version with CapFunction instead. Example: Change SphereCap to SphereHandleCap.'
7: Assets\Ferr\2D\Editor\Ferr2D_PathEditor.cs(316,33): warning CS0618: 'Handles.Button(Vector3, Quaternion, float, float, Handles.DrawCapFunction)' is obsolete: 'DrawCapFunction is obsolete. Use the version with CapFunction instead. Example: Change SphereCap to SphereHandleCap.'
8: Assets\Ferr\2D\Editor\Ferr2D_PathEditor.cs(339,3): warning CS0618: 'Handles.DrawCapFunction' is obsolete: 'This delegate is obsolete. Use CapFunction instead.'
9: Assets\Ferr\2D\Editor\Ferr2D_PathEditor.cs(340,50): warning CS0618: 'Handles.DrawCapFunction' is obsolete: 'This delegate is obsolete. Use CapFunction instead.'
10: Assets\Ferr\2D\Editor\Ferr2D_PathEditor.cs(340,96): warning CS0618: 'Handles.DrawCapFunction' is obsolete: 'This delegate is obsolete. Use CapFunction instead.'
11: Assets\Ferr\2D\Editor\Ferr2D_PathEditor.cs(341,50): warning CS0618: 'Handles.DrawCapFunction' is obsolete: 'This delegate is obsolete. Use CapFunction instead.'
12: Assets\Ferr\2D\Editor\Ferr2D_PathEditor.cs(341,96): warning CS0618: 'Handles.DrawCapFunction' is obsolete: 'This delegate is obsolete. Use CapFunction instead.'
13: Assets\Ferr\2D\Editor\Ferr2D_PathEditor.cs(343,20): warning CS0618: 'Handles.FreeMoveHandle(Vector3, Quaternion, float, Vector3, Handles.DrawCapFunction)' is obsolete: 'DrawCapFunction is obsolete. Use the version with CapFunction instead. Example: Change SphereCap to SphereHandleCap.'
14: Assets\Ferr\2D\Editor\Ferr2D_PathEditor.cs(368,32): warning CS0618: 'Handles.DrawCapFunction' is obsolete: 'This delegate is obsolete. Use CapFunction instead.'
15: Assets\Ferr\2D\Editor\Ferr2D_PathEditor.cs(369,9): warning CS0618: 'Handles.Button(Vector3, Quaternion, float, float, Handles.DrawCapFunction)' is obsolete: 'DrawCapFunction is obsolete. Use the version with CapFunction instead. Example: Change SphereCap to SphereHandleCap.'
16: Assets\Ferr\2D\Editor\Ferr2D_PathEditor.cs(387,31): warning CS0618: 'Handles.DrawCapFunction' is obsolete: 'This delegate is obsolete. Use CapFunction instead.'
17: Assets\Ferr\2D\Editor\Ferr2D_PathEditor.cs(387,70): warning CS0618: 'Handles.DrawCapFunction' is obsolete: 'This delegate is obsolete. Use CapFunction instead.'
18: Assets\Ferr\2D\Editor\Ferr2D_PathEditor.cs(389,24): warning CS0618: 'Handles.FreeMoveHandle(Vector3, Quaternion, float, Vector3, Handles.DrawCapFunction)' is obsolete: 'DrawCapFunction is obsolete. Use the version with CapFunction instead. Example: Change SphereCap to SphereHandleCap.'
19: Assets\Ferr\2D\Editor\Ferr2D_PathEditor.cs(411,8): warning CS0618: 'Handles.Button(Vector3, Quaternion, float, float, Handles.DrawCapFunction)' is obsolete: 'DrawCapFunction is obsolete. Use the version with CapFunction instead. Example: Change SphereCap to SphereHandleCap.'
20: Assets\Ferr\2D\Editor\Ferr2D_PathEditor.cs(492,7): warning CS0618: 'Handles.Button(Vector3, Quaternion, float, float, Handles.DrawCapFunction)' is obsolete: 'DrawCapFunction is obsolete. Use the version with CapFunction instead. Example: Change SphereCap to SphereHandleCap.'
21: Assets\Spine\spine-unity\Editor\SpineEditorUtilities.cs(1678,4): warning CS0618: 'Handles.DotCap(int, Vector3, Quaternion, float)' is obsolete: 'Use DotHandleCap instead'

- PDB to MDB conversion --------------------------------------

Process: D:\Google Drive\Games\S92 Master of Ceremonies\Highscore2\UnityProject\platforming-test\CSharp70Support\Roslyn\pdb2mdb.exe
Arguments: Temp\Assembly-CSharp-Editor.dll
Exit code: 0
Elapsed time: 0.06 sec

- pdb2mdb.exe output (0 lines):
