********************************************************************************
*                    Wednesday, April 05, 2017 12:16:02 PM                     *
********************************************************************************
CSharpCompilerWrapper.exe version: 2.0.3.30
Platform: Windows
Target assembly: Assembly-CSharp.dll
Project directory: C:\Users\benco\code\unity\unity-plat-test
Target profile directory: C:\Program Files\Unity\Editor\Data\Mono\lib\mono\unity
Unity 'Data' or 'Frameworks' directory: C:/Program Files/Unity/Editor/Data
Compiler: Microsoft C# 6.0

- Compilation -----------------------------------------------

Process: C:\Users\benco\code\unity\unity-plat-test\CSharp60Support\Roslyn\csc.exe
Arguments: -nostdlib+ -noconfig -nologo -r:"C:\Program Files\Unity\Editor\Data\Mono\lib\mono\unity\mscorlib.dll" -r:"C:\Program Files\Unity\Editor\Data\Mono\lib\mono\unity\System.dll" -r:"C:\Program Files\Unity\Editor\Data\Mono\lib\mono\unity\System.Core.dll" -r:"C:\Program Files\Unity\Editor\Data\Mono\lib\mono\unity\System.Xml.dll" @Temp/UnityTempFile-c336c0f70662ac242af91943d8c0b64f 
Exit code: 0
Elapsed time: 0.56 sec

- Compiler output (0 lines):

- Compiler errors (4 lines):
0: Assets\Code\SmoothCameraFollow.cs(31,24): warning CS0108: 'SmoothCameraFollow.camera' hides inherited member 'Component.camera'. Use the new keyword if hiding was intended.
1: Assets\Code\RaycastController.cs(16,26): warning CS0649: Field 'RaycastController.solidLayer' is never assigned to, and will always have its default value
2: Assets\Code\SmoothCameraFollow.cs(10,28): warning CS0649: Field 'SmoothCameraFollow.target' is never assigned to, and will always have its default value null
3: Assets\Code\RaycastController.cs(17,26): warning CS0649: Field 'RaycastController.oneWayLayer' is never assigned to, and will always have its default value

- PDB to MDB conversion --------------------------------------

Process: C:\Users\benco\code\unity\unity-plat-test\CSharp60Support\Roslyn\pdb2mdb.exe
Arguments: Temp\Assembly-CSharp.dll
Exit code: 0
Elapsed time: 0.05 sec

- pdb2mdb.exe output (0 lines):
********************************************************************************
*                    Wednesday, April 05, 2017 12:16:04 PM                     *
********************************************************************************
CSharpCompilerWrapper.exe version: 2.0.3.30
Platform: Windows
Target assembly: Assembly-CSharp-Editor.dll
Project directory: C:\Users\benco\code\unity\unity-plat-test
Target profile directory: C:\Program Files\Unity\Editor\Data\MonoBleedingEdge\lib\mono\2.0-api
Unity 'Data' or 'Frameworks' directory: C:/Program Files/Unity/Editor/Data
Compiler: Microsoft C# 6.0

- Compilation -----------------------------------------------

Process: C:\Users\benco\code\unity\unity-plat-test\CSharp60Support\Roslyn\csc.exe
Arguments: -nostdlib+ -noconfig -nologo -r:"C:\Program Files\Unity\Editor\Data\MonoBleedingEdge\lib\mono\2.0-api\mscorlib.dll" -r:"C:\Program Files\Unity\Editor\Data\MonoBleedingEdge\lib\mono\2.0-api\System.dll" -r:"C:\Program Files\Unity\Editor\Data\MonoBleedingEdge\lib\mono\2.0-api\System.Core.dll" -r:"C:\Program Files\Unity\Editor\Data\MonoBleedingEdge\lib\mono\2.0-api\System.Xml.dll" @Temp/UnityTempFile-9a234885d4074624badddbbddd7dc58b 
Exit code: 0
Elapsed time: 0.33 sec

- Compiler output (0 lines):

- Compiler errors (0 lines):

- PDB to MDB conversion --------------------------------------

Process: C:\Users\benco\code\unity\unity-plat-test\CSharp60Support\Roslyn\pdb2mdb.exe
Arguments: Temp\Assembly-CSharp-Editor.dll
Exit code: 0
Elapsed time: 0.05 sec

- pdb2mdb.exe output (0 lines):
********************************************************************************
*                    Wednesday, April 05, 2017 12:17:12 PM                     *
********************************************************************************
CSharpCompilerWrapper.exe version: 2.0.3.30
Platform: Windows
Target assembly: Assembly-CSharp.dll
Project directory: C:\Users\benco\code\unity\unity-plat-test
Target profile directory: C:\Program Files\Unity\Editor\Data\Mono\lib\mono\unity
Unity 'Data' or 'Frameworks' directory: C:/Program Files/Unity/Editor/Data
Compiler: Microsoft C# 6.0

- Compilation -----------------------------------------------

Process: C:\Users\benco\code\unity\unity-plat-test\CSharp60Support\Roslyn\csc.exe
Arguments: -nostdlib+ -noconfig -nologo -r:"C:\Program Files\Unity\Editor\Data\Mono\lib\mono\unity\mscorlib.dll" -r:"C:\Program Files\Unity\Editor\Data\Mono\lib\mono\unity\System.dll" -r:"C:\Program Files\Unity\Editor\Data\Mono\lib\mono\unity\System.Core.dll" -r:"C:\Program Files\Unity\Editor\Data\Mono\lib\mono\unity\System.Xml.dll" @Temp/UnityTempFile-6edda631cc522564fb5b3026d5cda8fc 
Exit code: 0
Elapsed time: 0.64 sec

- Compiler output (0 lines):

- Compiler errors (4 lines):
0: Assets\Code\SmoothCameraFollow.cs(31,24): warning CS0108: 'SmoothCameraFollow.camera' hides inherited member 'Component.camera'. Use the new keyword if hiding was intended.
1: Assets\Code\RaycastController.cs(17,26): warning CS0649: Field 'RaycastController.oneWayLayer' is never assigned to, and will always have its default value
2: Assets\Code\RaycastController.cs(16,26): warning CS0649: Field 'RaycastController.solidLayer' is never assigned to, and will always have its default value
3: Assets\Code\SmoothCameraFollow.cs(10,28): warning CS0649: Field 'SmoothCameraFollow.target' is never assigned to, and will always have its default value null

- PDB to MDB conversion --------------------------------------

Process: C:\Users\benco\code\unity\unity-plat-test\CSharp60Support\Roslyn\pdb2mdb.exe
Arguments: Temp\Assembly-CSharp.dll
Exit code: 0
Elapsed time: 0.05 sec

- pdb2mdb.exe output (0 lines):
********************************************************************************
*                    Wednesday, April 05, 2017 12:17:14 PM                     *
********************************************************************************
CSharpCompilerWrapper.exe version: 2.0.3.30
Platform: Windows
Target assembly: Assembly-CSharp-Editor.dll
Project directory: C:\Users\benco\code\unity\unity-plat-test
Target profile directory: C:\Program Files\Unity\Editor\Data\MonoBleedingEdge\lib\mono\2.0-api
Unity 'Data' or 'Frameworks' directory: C:/Program Files/Unity/Editor/Data
Compiler: Microsoft C# 6.0

- Compilation -----------------------------------------------

Process: C:\Users\benco\code\unity\unity-plat-test\CSharp60Support\Roslyn\csc.exe
Arguments: -nostdlib+ -noconfig -nologo -r:"C:\Program Files\Unity\Editor\Data\MonoBleedingEdge\lib\mono\2.0-api\mscorlib.dll" -r:"C:\Program Files\Unity\Editor\Data\MonoBleedingEdge\lib\mono\2.0-api\System.dll" -r:"C:\Program Files\Unity\Editor\Data\MonoBleedingEdge\lib\mono\2.0-api\System.Core.dll" -r:"C:\Program Files\Unity\Editor\Data\MonoBleedingEdge\lib\mono\2.0-api\System.Xml.dll" @Temp/UnityTempFile-0b86e3b985879b343a03cec24ab500e5 
Exit code: 0
Elapsed time: 0.38 sec

- Compiler output (0 lines):

- Compiler errors (0 lines):

- PDB to MDB conversion --------------------------------------

Process: C:\Users\benco\code\unity\unity-plat-test\CSharp60Support\Roslyn\pdb2mdb.exe
Arguments: Temp\Assembly-CSharp-Editor.dll
Exit code: 0
Elapsed time: 0.06 sec

- pdb2mdb.exe output (0 lines):
********************************************************************************
*                    Wednesday, April 05, 2017 12:19:42 PM                     *
********************************************************************************
CSharpCompilerWrapper.exe version: 2.0.3.30
Platform: Windows
Target assembly: Assembly-CSharp.dll
Project directory: C:\Users\benco\code\unity\unity-plat-test
Target profile directory: C:\Program Files\Unity\Editor\Data\Mono\lib\mono\unity
Unity 'Data' or 'Frameworks' directory: C:/Program Files/Unity/Editor/Data
Compiler: Microsoft C# 6.0

- Compilation -----------------------------------------------

Process: C:\Users\benco\code\unity\unity-plat-test\CSharp60Support\Roslyn\csc.exe
Arguments: -nostdlib+ -noconfig -nologo -r:"C:\Program Files\Unity\Editor\Data\Mono\lib\mono\unity\mscorlib.dll" -r:"C:\Program Files\Unity\Editor\Data\Mono\lib\mono\unity\System.dll" -r:"C:\Program Files\Unity\Editor\Data\Mono\lib\mono\unity\System.Core.dll" -r:"C:\Program Files\Unity\Editor\Data\Mono\lib\mono\unity\System.Xml.dll" @Temp/UnityTempFile-b546ed713e10a754e9bccf7882d2658c 
Exit code: 0
Elapsed time: 0.56 sec

- Compiler output (0 lines):

- Compiler errors (4 lines):
0: Assets\Code\SmoothCameraFollow.cs(31,24): warning CS0108: 'SmoothCameraFollow.camera' hides inherited member 'Component.camera'. Use the new keyword if hiding was intended.
1: Assets\Code\SmoothCameraFollow.cs(10,28): warning CS0649: Field 'SmoothCameraFollow.target' is never assigned to, and will always have its default value null
2: Assets\Code\RaycastController.cs(16,26): warning CS0649: Field 'RaycastController.solidLayer' is never assigned to, and will always have its default value
3: Assets\Code\RaycastController.cs(17,26): warning CS0649: Field 'RaycastController.oneWayLayer' is never assigned to, and will always have its default value

- PDB to MDB conversion --------------------------------------

Process: C:\Users\benco\code\unity\unity-plat-test\CSharp60Support\Roslyn\pdb2mdb.exe
Arguments: Temp\Assembly-CSharp.dll
Exit code: 0
Elapsed time: 0.05 sec

- pdb2mdb.exe output (0 lines):
********************************************************************************
*                    Wednesday, April 05, 2017 12:19:44 PM                     *
********************************************************************************
CSharpCompilerWrapper.exe version: 2.0.3.30
Platform: Windows
Target assembly: Assembly-CSharp-Editor.dll
Project directory: C:\Users\benco\code\unity\unity-plat-test
Target profile directory: C:\Program Files\Unity\Editor\Data\MonoBleedingEdge\lib\mono\2.0-api
Unity 'Data' or 'Frameworks' directory: C:/Program Files/Unity/Editor/Data
Compiler: Microsoft C# 6.0

- Compilation -----------------------------------------------

Process: C:\Users\benco\code\unity\unity-plat-test\CSharp60Support\Roslyn\csc.exe
Arguments: -nostdlib+ -noconfig -nologo -r:"C:\Program Files\Unity\Editor\Data\MonoBleedingEdge\lib\mono\2.0-api\mscorlib.dll" -r:"C:\Program Files\Unity\Editor\Data\MonoBleedingEdge\lib\mono\2.0-api\System.dll" -r:"C:\Program Files\Unity\Editor\Data\MonoBleedingEdge\lib\mono\2.0-api\System.Core.dll" -r:"C:\Program Files\Unity\Editor\Data\MonoBleedingEdge\lib\mono\2.0-api\System.Xml.dll" @Temp/UnityTempFile-9c1079b8375fec147956d5cb9c1617dd 
Exit code: 0
Elapsed time: 0.38 sec

- Compiler output (0 lines):

- Compiler errors (0 lines):

- PDB to MDB conversion --------------------------------------

Process: C:\Users\benco\code\unity\unity-plat-test\CSharp60Support\Roslyn\pdb2mdb.exe
Arguments: Temp\Assembly-CSharp-Editor.dll
Exit code: 0
Elapsed time: 0.05 sec

- pdb2mdb.exe output (0 lines):
********************************************************************************
*                    Wednesday, April 05, 2017 12:20:51 PM                     *
********************************************************************************
CSharpCompilerWrapper.exe version: 2.0.3.30
Platform: Windows
Target assembly: Assembly-CSharp.dll
Project directory: C:\Users\benco\code\unity\unity-plat-test
Target profile directory: C:\Program Files\Unity\Editor\Data\Mono\lib\mono\unity
Unity 'Data' or 'Frameworks' directory: C:/Program Files/Unity/Editor/Data
Compiler: Microsoft C# 6.0

- Compilation -----------------------------------------------

Process: C:\Users\benco\code\unity\unity-plat-test\CSharp60Support\Roslyn\csc.exe
Arguments: -nostdlib+ -noconfig -nologo -r:"C:\Program Files\Unity\Editor\Data\Mono\lib\mono\unity\mscorlib.dll" -r:"C:\Program Files\Unity\Editor\Data\Mono\lib\mono\unity\System.dll" -r:"C:\Program Files\Unity\Editor\Data\Mono\lib\mono\unity\System.Core.dll" -r:"C:\Program Files\Unity\Editor\Data\Mono\lib\mono\unity\System.Xml.dll" @Temp/UnityTempFile-8ebd4f9a4ce13a0458e59406b1541946 
Exit code: 0
Elapsed time: 0.58 sec

- Compiler output (0 lines):

- Compiler errors (4 lines):
0: Assets\Code\SmoothCameraFollow.cs(31,24): warning CS0108: 'SmoothCameraFollow.camera' hides inherited member 'Component.camera'. Use the new keyword if hiding was intended.
1: Assets\Code\RaycastController.cs(16,26): warning CS0649: Field 'RaycastController.solidLayer' is never assigned to, and will always have its default value
2: Assets\Code\RaycastController.cs(17,26): warning CS0649: Field 'RaycastController.oneWayLayer' is never assigned to, and will always have its default value
3: Assets\Code\SmoothCameraFollow.cs(10,28): warning CS0649: Field 'SmoothCameraFollow.target' is never assigned to, and will always have its default value null

- PDB to MDB conversion --------------------------------------

Process: C:\Users\benco\code\unity\unity-plat-test\CSharp60Support\Roslyn\pdb2mdb.exe
Arguments: Temp\Assembly-CSharp.dll
Exit code: 0
Elapsed time: 0.05 sec

- pdb2mdb.exe output (0 lines):
********************************************************************************
*                    Wednesday, April 05, 2017 12:20:52 PM                     *
********************************************************************************
CSharpCompilerWrapper.exe version: 2.0.3.30
Platform: Windows
Target assembly: Assembly-CSharp-Editor.dll
Project directory: C:\Users\benco\code\unity\unity-plat-test
Target profile directory: C:\Program Files\Unity\Editor\Data\MonoBleedingEdge\lib\mono\2.0-api
Unity 'Data' or 'Frameworks' directory: C:/Program Files/Unity/Editor/Data
Compiler: Microsoft C# 6.0

- Compilation -----------------------------------------------

Process: C:\Users\benco\code\unity\unity-plat-test\CSharp60Support\Roslyn\csc.exe
Arguments: -nostdlib+ -noconfig -nologo -r:"C:\Program Files\Unity\Editor\Data\MonoBleedingEdge\lib\mono\2.0-api\mscorlib.dll" -r:"C:\Program Files\Unity\Editor\Data\MonoBleedingEdge\lib\mono\2.0-api\System.dll" -r:"C:\Program Files\Unity\Editor\Data\MonoBleedingEdge\lib\mono\2.0-api\System.Core.dll" -r:"C:\Program Files\Unity\Editor\Data\MonoBleedingEdge\lib\mono\2.0-api\System.Xml.dll" @Temp/UnityTempFile-5537858d9a1d0274fa6d2ffff2727a8b 
Exit code: 0
Elapsed time: 0.62 sec

- Compiler output (0 lines):

- Compiler errors (0 lines):

- PDB to MDB conversion --------------------------------------

Process: C:\Users\benco\code\unity\unity-plat-test\CSharp60Support\Roslyn\pdb2mdb.exe
Arguments: Temp\Assembly-CSharp-Editor.dll
Exit code: 0
Elapsed time: 0.07 sec

- pdb2mdb.exe output (0 lines):
